<?xml version="1.0" encoding="UTF-8"?>
<testsuite xmlns:xsi="http://www.w3.org/2001/XMLSchema-instance" xsi:noNamespaceSchemaLocation="https://maven.apache.org/surefire/maven-surefire-plugin/xsd/surefire-test-report-3.0.xsd" version="3.0" name="sorting.test.StudentSortingTest" time="0.038" tests="8" errors="0" skipped="0" failures="0">
  <properties>
[...]
</properties>
  <testcase name="testaIndicesNoMeio" classname="sorting.test.StudentSortingTest" time="0.004">
    <system-out><![CDATA[[4, 7, 11, 22, 23, 26, 28, 29]
]]></system-out>
  </testcase>
  <testcase name="testaNumeroNegativoComZero" classname="sorting.test.StudentSortingTest" time="0.0">
    <system-out><![CDATA[[-3, 0, 0, 1, 1, 2, 5, 7]
]]></system-out>
  </testcase>
  <testcase name="testaNumeroNegativo" classname="sorting.test.StudentSortingTest" time="0.0">
    <system-out><![CDATA[[-3, 1, 1, 2, 5, 7]
]]></system-out>
  </testcase>
  <testcase name="testSort01" classname="sorting.test.StudentSortingTest" time="0.0">
    <system-out><![CDATA[[4, 7, 11, 22, 23, 26, 28, 29, 30, 31]
]]></system-out>
  </testcase>
  <testcase name="testSort02" classname="sorting.test.StudentSortingTest" time="0.0">
    <system-out><![CDATA[[4, 6, 7, 11, 18, 26, 32, 36, 37, 41, 49]
]]></system-out>
  </testcase>
  <testcase name="testSort03" classname="sorting.test.StudentSortingTest" time="0.0"/>
  <testcase name="testSort04" classname="sorting.test.StudentSortingTest" time="0.0">
    <system-out><![CDATA[[6, 6, 6, 6, 6, 6]
]]></system-out>
  </testcase>
  <testcase name="testSort05" classname="sorting.test.StudentSortingTest" time="0.0">
    <system-out><![CDATA[[0, 1, 3, 4, 4, 4, 5, 9]
]]></system-out>
  </testcase>
</testsuite>